2020-10-24 13:20:45,381 	 [INFO | data_reader.py:8] > importing data from day.csv
2020-10-24 13:20:45,408 	 [DEBUG | data_reader.py:10] > file import success
2020-10-24 13:20:46,434 	 [INFO | eda_bivariate.py:19] > Bivariate categorical plots
2020-10-24 13:20:46,449 	 [INFO | eda_bivariate.py:24] > Bivariate analysis for num column: cnt and cat column dteday
2020-10-24 13:22:04,438 	 [INFO | data_reader.py:8] > importing data from day.csv
2020-10-24 13:22:04,466 	 [DEBUG | data_reader.py:10] > file import success
2020-10-24 13:22:05,300 	 [INFO | eda_univariate.py:13] > Univariate analysis for columns: temp
2020-10-24 13:22:06,264 	 [INFO | eda_univariate.py:13] > Univariate analysis for columns: atemp
2020-10-24 13:22:06,843 	 [INFO | eda_univariate.py:13] > Univariate analysis for columns: hum
2020-10-24 13:22:07,749 	 [INFO | eda_univariate.py:13] > Univariate analysis for columns: windspeed
2020-10-24 13:22:08,453 	 [INFO | eda_univariate.py:13] > Univariate analysis for columns: cnt
2020-10-24 13:22:09,081 	 [INFO | eda_univariate.py:13] > Univariate analysis for columns: weathersit
2020-10-24 13:22:09,691 	 [INFO | eda_univariate.py:21] > univariate categorical plots
2020-10-24 13:22:09,694 	 [INFO | eda_univariate.py:24] > Univariate analysis for columns: dteday
2020-10-24 13:22:35,204 	 [INFO | eda_univariate.py:24] > Univariate analysis for columns: season
2020-10-24 13:22:37,422 	 [INFO | eda_univariate.py:24] > Univariate analysis for columns: yr
2020-10-24 13:22:39,551 	 [INFO | eda_univariate.py:24] > Univariate analysis for columns: mnth
2020-10-24 13:22:41,766 	 [INFO | eda_univariate.py:24] > Univariate analysis for columns: holiday
2020-10-24 13:22:44,148 	 [INFO | eda_univariate.py:24] > Univariate analysis for columns: weekday
2020-10-24 13:22:46,215 	 [INFO | eda_univariate.py:24] > Univariate analysis for columns: workingday
2020-10-24 13:22:48,173 	 [INFO | eda_univariate.py:24] > Univariate analysis for columns: casual
2020-10-24 13:23:06,996 	 [INFO | eda_univariate.py:24] > Univariate analysis for columns: registered
2020-10-24 13:24:15,724 	 [INFO | eda_bivariate.py:19] > Bivariate categorical plots
2020-10-24 13:24:15,734 	 [INFO | eda_bivariate.py:24] > Bivariate analysis for num column: cnt and cat column dteday
2020-10-24 13:25:45,341 	 [INFO | eda_bivariate.py:24] > Bivariate analysis for num column: cnt and cat column season
2020-10-24 13:25:50,017 	 [INFO | eda_bivariate.py:24] > Bivariate analysis for num column: cnt and cat column yr
2020-10-24 13:25:54,396 	 [INFO | eda_bivariate.py:24] > Bivariate analysis for num column: cnt and cat column mnth
2020-10-24 13:26:00,356 	 [INFO | eda_bivariate.py:24] > Bivariate analysis for num column: cnt and cat column holiday
2020-10-24 13:26:04,799 	 [INFO | eda_bivariate.py:24] > Bivariate analysis for num column: cnt and cat column weekday
2020-10-24 13:26:10,042 	 [INFO | eda_bivariate.py:24] > Bivariate analysis for num column: cnt and cat column workingday
2020-10-24 13:26:14,539 	 [INFO | eda_bivariate.py:24] > Bivariate analysis for num column: cnt and cat column casual
2020-10-24 13:28:29,058 	 [INFO | eda_bivariate.py:24] > Bivariate analysis for num column: cnt and cat column registered
2020-10-24 14:22:21,525 	 [INFO | data_reader.py:8] > importing data from day.csv
2020-10-24 14:22:21,553 	 [DEBUG | data_reader.py:10] > file import success
2020-10-24 14:23:04,607 	 [INFO | data_reader.py:8] > importing data from day.csv
2020-10-24 14:23:04,633 	 [DEBUG | data_reader.py:10] > file import success
2020-10-24 14:23:51,528 	 [INFO | data_reader.py:8] > importing data from day.csv
2020-10-24 14:23:51,554 	 [DEBUG | data_reader.py:10] > file import success
2020-10-24 14:24:40,029 	 [INFO | data_reader.py:8] > importing data from day.csv
2020-10-24 14:24:40,054 	 [DEBUG | data_reader.py:10] > file import success
2020-10-24 14:24:42,146 	 [INFO | eda_bivariate.py:39] > Bivariate analysis for num column: cnt and cat column dteday
2020-10-24 14:25:49,541 	 [INFO | eda_bivariate.py:39] > Bivariate analysis for num column: cnt and cat column season
2020-10-24 14:25:49,800 	 [INFO | eda_bivariate.py:39] > Bivariate analysis for num column: cnt and cat column yr
2020-10-24 14:25:49,958 	 [INFO | eda_bivariate.py:39] > Bivariate analysis for num column: cnt and cat column mnth
2020-10-24 14:25:50,535 	 [INFO | eda_bivariate.py:39] > Bivariate analysis for num column: cnt and cat column holiday
2020-10-24 14:25:50,688 	 [INFO | eda_bivariate.py:39] > Bivariate analysis for num column: cnt and cat column weekday
2020-10-24 14:25:51,068 	 [INFO | eda_bivariate.py:39] > Bivariate analysis for num column: cnt and cat column workingday
2020-10-24 14:25:51,234 	 [INFO | eda_bivariate.py:39] > Bivariate analysis for num column: cnt and cat column casual
2020-10-24 14:26:43,915 	 [INFO | eda_bivariate.py:39] > Bivariate analysis for num column: cnt and cat column registered
2020-10-24 14:32:08,963 	 [INFO | data_reader.py:8] > importing data from day.csv
2020-10-24 14:32:08,994 	 [DEBUG | data_reader.py:10] > file import success
2020-10-24 14:32:10,013 	 [INFO | eda_bivariate.py:40] > Bivariate analysis for num column: cnt and cat column dteday
2020-10-24 14:33:19,812 	 [INFO | eda_bivariate.py:40] > Bivariate analysis for num column: cnt and cat column season
2020-10-24 14:33:20,073 	 [INFO | eda_bivariate.py:40] > Bivariate analysis for num column: cnt and cat column yr
2020-10-24 14:33:20,219 	 [INFO | eda_bivariate.py:40] > Bivariate analysis for num column: cnt and cat column mnth
2020-10-24 14:33:20,830 	 [INFO | eda_bivariate.py:40] > Bivariate analysis for num column: cnt and cat column holiday
2020-10-24 14:33:21,029 	 [INFO | eda_bivariate.py:40] > Bivariate analysis for num column: cnt and cat column weekday
2020-10-24 14:33:21,480 	 [INFO | eda_bivariate.py:40] > Bivariate analysis for num column: cnt and cat column workingday
2020-10-24 14:33:21,632 	 [INFO | eda_bivariate.py:40] > Bivariate analysis for num column: cnt and cat column weathersit
2020-10-24 14:41:01,442 	 [INFO | eda_bivariate.py:40] > Bivariate analysis for num column: cnt and cat column dteday
2020-10-24 14:42:13,933 	 [INFO | eda_bivariate.py:40] > Bivariate analysis for num column: cnt and cat column season
2020-10-24 14:42:14,198 	 [INFO | eda_bivariate.py:40] > Bivariate analysis for num column: cnt and cat column yr
2020-10-24 14:42:14,362 	 [INFO | eda_bivariate.py:40] > Bivariate analysis for num column: cnt and cat column mnth
2020-10-24 14:42:14,965 	 [INFO | eda_bivariate.py:40] > Bivariate analysis for num column: cnt and cat column holiday
2020-10-24 14:42:15,123 	 [INFO | eda_bivariate.py:40] > Bivariate analysis for num column: cnt and cat column weekday
2020-10-24 14:42:15,571 	 [INFO | eda_bivariate.py:40] > Bivariate analysis for num column: cnt and cat column workingday
2020-10-24 14:42:15,746 	 [INFO | eda_bivariate.py:40] > Bivariate analysis for num column: cnt and cat column weathersit
2020-10-24 14:46:17,143 	 [INFO | eda_univariate.py:13] > Univariate analysis for columns: temp
2020-10-24 14:46:17,719 	 [INFO | eda_univariate.py:13] > Univariate analysis for columns: atemp
2020-10-24 14:46:18,197 	 [INFO | eda_univariate.py:13] > Univariate analysis for columns: hum
2020-10-24 14:46:18,759 	 [INFO | eda_univariate.py:13] > Univariate analysis for columns: windspeed
2020-10-24 14:46:19,339 	 [INFO | eda_univariate.py:13] > Univariate analysis for columns: casual
2020-10-24 14:46:19,929 	 [INFO | eda_univariate.py:13] > Univariate analysis for columns: cnt
2020-10-24 14:46:20,561 	 [INFO | eda_univariate.py:13] > Univariate analysis for columns: registered
2020-10-24 14:46:21,191 	 [INFO | eda_univariate.py:21] > univariate categorical plots
2020-10-24 14:46:21,193 	 [INFO | eda_univariate.py:24] > Univariate analysis for columns: dteday
2020-10-24 14:46:45,993 	 [INFO | eda_univariate.py:24] > Univariate analysis for columns: season
2020-10-24 14:46:48,190 	 [INFO | eda_univariate.py:24] > Univariate analysis for columns: yr
2020-10-24 14:46:50,601 	 [INFO | eda_univariate.py:24] > Univariate analysis for columns: mnth
2020-10-24 14:46:52,982 	 [INFO | eda_univariate.py:24] > Univariate analysis for columns: holiday
2020-10-24 14:46:55,510 	 [INFO | eda_univariate.py:24] > Univariate analysis for columns: weekday
2020-10-24 14:46:57,990 	 [INFO | eda_univariate.py:24] > Univariate analysis for columns: workingday
2020-10-24 14:47:00,110 	 [INFO | eda_univariate.py:24] > Univariate analysis for columns: weathersit
2020-10-24 15:11:44,584 	 [INFO | model_trainTestSplit.py:20] > Train Test Split Success
2020-10-24 15:13:41,060 	 [INFO | model_trainTestSplit.py:20] > Train Test Split Success
2020-10-24 15:14:59,017 	 [INFO | data_reader.py:8] > importing data from day.csv
2020-10-24 15:14:59,038 	 [DEBUG | data_reader.py:10] > file import success
2020-10-24 15:16:34,787 	 [INFO | model_trainTestSplit.py:20] > Train Test Split Success
2020-10-24 15:21:41,683 	 [INFO | data_reader.py:8] > importing data from day.csv
2020-10-24 15:21:41,718 	 [DEBUG | data_reader.py:10] > file import success
2020-10-24 15:23:32,779 	 [INFO | model_trainTestSplit.py:20] > Train Test Split Success
2020-10-24 15:24:01,632 	 [INFO | model_trainTestSplit.py:20] > Train Test Split Success
2020-10-24 15:27:12,685 	 [INFO | data_reader.py:8] > importing data from day.csv
2020-10-24 15:27:12,707 	 [DEBUG | data_reader.py:10] > file import success
2020-10-24 15:27:20,829 	 [INFO | model_trainTestSplit.py:20] > Train Test Split Success
2020-10-24 15:31:48,941 	 [INFO | data_prepare.py:18] > dummy vars creation for cols: 
2020-10-24 15:31:48,945 	 [INFO | data_prepare.py:19] > ['weekday', 'weathersit', 'mnth', 'season']
2020-10-24 15:36:05,307 	 [INFO | data_reader.py:8] > importing data from day.csv
2020-10-24 15:36:05,338 	 [DEBUG | data_reader.py:10] > file import success
2020-10-24 15:36:13,034 	 [INFO | model_trainTestSplit.py:20] > Train Test Split Success
2020-10-24 15:48:01,965 	 [INFO | data_reader.py:8] > importing data from day.csv
2020-10-24 15:48:01,992 	 [DEBUG | data_reader.py:10] > file import success
2020-10-24 15:48:09,590 	 [INFO | model_trainTestSplit.py:20] > Train Test Split Success
2020-10-24 15:48:14,746 	 [INFO | data_prepare.py:18] > dummy vars creation for cols: 
2020-10-24 15:48:14,749 	 [INFO | data_prepare.py:19] > ['weekday', 'weathersit', 'mnth', 'season']
2020-10-24 15:50:47,811 	 [INFO | data_reader.py:8] > importing data from day.csv
2020-10-24 15:50:47,834 	 [DEBUG | data_reader.py:10] > file import success
2020-10-24 15:50:55,546 	 [INFO | model_trainTestSplit.py:20] > Train Test Split Success
2020-10-24 15:51:00,355 	 [INFO | data_prepare.py:18] > dummy vars creation for cols: 
2020-10-24 15:51:00,358 	 [INFO | data_prepare.py:19] > ['weekday', 'weathersit', 'mnth', 'season']
2020-10-24 15:59:49,389 	 [INFO | data_reader.py:8] > importing data from day.csv
2020-10-24 15:59:49,411 	 [DEBUG | data_reader.py:10] > file import success
2020-10-24 15:59:56,587 	 [INFO | model_trainTestSplit.py:20] > Train Test Split Success
2020-10-24 16:00:01,354 	 [INFO | data_prepare.py:18] > dummy vars creation for cols: 
2020-10-24 16:00:01,357 	 [INFO | data_prepare.py:19] > ['weekday', 'weathersit', 'mnth', 'season']
2020-10-24 16:01:43,415 	 [INFO | data_reader.py:8] > importing data from day.csv
2020-10-24 16:01:43,438 	 [DEBUG | data_reader.py:10] > file import success
2020-10-24 16:01:51,325 	 [INFO | model_trainTestSplit.py:20] > Train Test Split Success
2020-10-24 16:01:56,127 	 [INFO | data_prepare.py:18] > dummy vars creation for cols: 
2020-10-24 16:01:56,130 	 [INFO | data_prepare.py:19] > ['weekday', 'weathersit', 'mnth', 'season']
2020-10-24 16:05:28,656 	 [INFO | data_reader.py:8] > importing data from day.csv
2020-10-24 16:05:28,676 	 [DEBUG | data_reader.py:10] > file import success
2020-10-24 16:05:36,584 	 [INFO | model_trainTestSplit.py:20] > Train Test Split Success
2020-10-24 16:05:41,354 	 [INFO | data_prepare.py:18] > dummy vars creation for cols: 
2020-10-24 16:05:41,357 	 [INFO | data_prepare.py:19] > ['weekday', 'weathersit', 'mnth', 'season']
2020-10-24 16:11:02,035 	 [INFO | data_reader.py:8] > importing data from day.csv
2020-10-24 16:11:02,070 	 [DEBUG | data_reader.py:10] > file import success
2020-10-24 16:11:10,755 	 [INFO | model_trainTestSplit.py:20] > Train Test Split Success
2020-10-24 16:11:16,719 	 [INFO | data_prepare.py:18] > dummy vars creation for cols: 
2020-10-24 16:11:16,721 	 [INFO | data_prepare.py:19] > ['weekday', 'weathersit', 'mnth', 'season']
2020-10-24 16:17:33,964 	 [INFO | data_reader.py:8] > importing data from day.csv
2020-10-24 16:17:33,992 	 [DEBUG | data_reader.py:10] > file import success
2020-10-24 16:17:41,245 	 [INFO | model_trainTestSplit.py:20] > Train Test Split Success
2020-10-24 16:17:46,305 	 [INFO | data_prepare.py:18] > dummy vars creation for cols: 
2020-10-24 16:17:46,308 	 [INFO | data_prepare.py:19] > ['weekday', 'weathersit', 'mnth', 'season']
2020-10-24 16:26:41,451 	 [INFO | data_reader.py:8] > importing data from day.csv
2020-10-24 16:26:41,473 	 [DEBUG | data_reader.py:10] > file import success
2020-10-24 16:26:48,807 	 [INFO | model_trainTestSplit.py:20] > Train Test Split Success
2020-10-24 16:26:54,216 	 [INFO | data_prepare.py:18] > dummy vars creation for cols: 
2020-10-24 16:26:54,219 	 [INFO | data_prepare.py:19] > ['weekday', 'weathersit', 'mnth', 'season']
2020-10-24 16:27:23,696 	 [INFO | data_reader.py:8] > importing data from day.csv
2020-10-24 16:27:23,724 	 [DEBUG | data_reader.py:10] > file import success
2020-10-24 16:27:31,247 	 [INFO | model_trainTestSplit.py:20] > Train Test Split Success
2020-10-24 16:27:36,260 	 [INFO | data_prepare.py:18] > dummy vars creation for cols: 
2020-10-24 16:27:36,264 	 [INFO | data_prepare.py:19] > ['weekday', 'weathersit', 'mnth', 'season']
2020-10-24 16:29:36,151 	 [INFO | data_reader.py:8] > importing data from day.csv
2020-10-24 16:29:36,174 	 [DEBUG | data_reader.py:10] > file import success
2020-10-24 16:29:43,469 	 [INFO | model_trainTestSplit.py:20] > Train Test Split Success
2020-10-24 16:29:48,448 	 [INFO | data_prepare.py:18] > dummy vars creation for cols: 
2020-10-24 16:29:48,452 	 [INFO | data_prepare.py:19] > ['weekday', 'weathersit', 'mnth', 'season']
2020-10-24 18:34:19,767 	 [INFO | data_reader.py:8] > importing data from day.csv
2020-10-24 18:34:19,800 	 [DEBUG | data_reader.py:10] > file import success
2020-10-24 18:34:30,557 	 [INFO | model_trainTestSplit.py:20] > Train Test Split Success
2020-10-24 18:34:37,464 	 [INFO | data_prepare.py:18] > dummy vars creation for cols: 
2020-10-24 18:34:37,466 	 [INFO | data_prepare.py:19] > ['weekday', 'weathersit', 'mnth', 'season']
2020-10-24 18:37:04,320 	 [INFO | model_serializer.py:11] > model serializer started
2020-10-24 18:37:04,329 	 [INFO | model_serializer.py:15] > model serializer completed successfully
2020-10-24 18:37:30,278 	 [INFO | model_serializer.py:20] > model deserializer started
2020-10-24 18:37:30,286 	 [INFO | model_serializer.py:24] > model deserializer completed successfully
2020-10-24 18:40:30,488 	 [INFO | data_reader.py:8] > importing data from day.csv
2020-10-24 18:40:30,523 	 [DEBUG | data_reader.py:10] > file import success
2020-10-24 18:40:40,591 	 [INFO | model_trainTestSplit.py:20] > Train Test Split Success
2020-10-24 18:40:47,786 	 [INFO | data_prepare.py:18] > dummy vars creation for cols: 
2020-10-24 18:40:47,788 	 [INFO | data_prepare.py:19] > ['weekday', 'weathersit', 'mnth', 'season']
2020-10-24 18:40:50,364 	 [INFO | model_serializer.py:11] > model serializer started
2020-10-24 18:40:50,377 	 [INFO | model_serializer.py:15] > model serializer completed successfully
2020-10-24 18:40:50,498 	 [INFO | model_serializer.py:20] > model deserializer started
2020-10-24 18:40:50,507 	 [INFO | model_serializer.py:24] > model deserializer completed successfully
2020-10-24 18:44:04,624 	 [INFO | model_serializer.py:20] > model deserializer started
2020-10-24 18:44:04,633 	 [INFO | model_serializer.py:24] > model deserializer completed successfully
2020-10-24 18:45:11,398 	 [INFO | data_reader.py:8] > importing data from day.csv
2020-10-24 18:45:11,423 	 [DEBUG | data_reader.py:10] > file import success
2020-10-24 18:45:12,198 	 [INFO | eda_univariate.py:13] > Univariate analysis for columns: temp
2020-10-24 18:45:13,042 	 [INFO | eda_univariate.py:13] > Univariate analysis for columns: atemp
2020-10-24 18:45:13,746 	 [INFO | eda_univariate.py:13] > Univariate analysis for columns: hum
2020-10-24 18:45:14,496 	 [INFO | eda_univariate.py:13] > Univariate analysis for columns: windspeed
2020-10-24 18:45:15,310 	 [INFO | eda_univariate.py:13] > Univariate analysis for columns: casual
2020-10-24 18:45:16,155 	 [INFO | eda_univariate.py:13] > Univariate analysis for columns: cnt
2020-10-24 18:45:17,068 	 [INFO | eda_univariate.py:13] > Univariate analysis for columns: registered
2020-10-24 18:45:18,042 	 [INFO | eda_univariate.py:21] > univariate categorical plots
2020-10-24 18:45:18,045 	 [INFO | eda_univariate.py:24] > Univariate analysis for columns: dteday
2020-10-24 18:45:57,129 	 [INFO | eda_univariate.py:24] > Univariate analysis for columns: season
2020-10-24 18:46:00,665 	 [INFO | eda_univariate.py:24] > Univariate analysis for columns: yr
2020-10-24 18:46:04,261 	 [INFO | eda_univariate.py:24] > Univariate analysis for columns: mnth
2020-10-24 18:46:07,914 	 [INFO | eda_univariate.py:24] > Univariate analysis for columns: holiday
2020-10-24 18:46:10,863 	 [INFO | eda_univariate.py:24] > Univariate analysis for columns: weekday
2020-10-24 18:46:13,918 	 [INFO | eda_univariate.py:24] > Univariate analysis for columns: workingday
2020-10-24 18:46:17,519 	 [INFO | eda_univariate.py:24] > Univariate analysis for columns: weathersit
2020-10-24 18:46:27,267 	 [INFO | eda_bivariate.py:40] > Bivariate analysis for num column: cnt and cat column dteday
2020-10-24 18:47:49,334 	 [INFO | eda_bivariate.py:40] > Bivariate analysis for num column: cnt and cat column season
2020-10-24 18:47:49,645 	 [INFO | eda_bivariate.py:40] > Bivariate analysis for num column: cnt and cat column yr
2020-10-24 18:47:49,846 	 [INFO | eda_bivariate.py:40] > Bivariate analysis for num column: cnt and cat column mnth
2020-10-24 18:47:50,606 	 [INFO | eda_bivariate.py:40] > Bivariate analysis for num column: cnt and cat column holiday
2020-10-24 18:47:50,794 	 [INFO | eda_bivariate.py:40] > Bivariate analysis for num column: cnt and cat column weekday
2020-10-24 18:47:51,272 	 [INFO | eda_bivariate.py:40] > Bivariate analysis for num column: cnt and cat column workingday
2020-10-24 18:47:51,459 	 [INFO | eda_bivariate.py:40] > Bivariate analysis for num column: cnt and cat column weathersit
2020-10-24 18:50:54,255 	 [INFO | model_trainTestSplit.py:20] > Train Test Split Success
2020-10-24 18:51:00,342 	 [INFO | data_prepare.py:18] > dummy vars creation for cols: 
2020-10-24 18:51:00,347 	 [INFO | data_prepare.py:19] > ['weekday', 'weathersit', 'mnth', 'season']
2020-10-24 18:51:03,363 	 [INFO | model_serializer.py:11] > model serializer started
2020-10-24 18:51:03,370 	 [INFO | model_serializer.py:15] > model serializer completed successfully
2020-10-24 18:51:03,452 	 [INFO | model_serializer.py:20] > model deserializer started
2020-10-24 18:51:03,459 	 [INFO | model_serializer.py:24] > model deserializer completed successfully
